<?xml version="1.0" encoding="UTF-8"?>
<!-- Generated by org.testng.reporters.JUnitReportReporter -->
<testsuite hostname="DIMENSION" failures="0" tests="2" name="qa.first.RESTAPITest" time="0.007" errors="0" timestamp="2022-03-30T10:42:46 IST" skipped="0">
  <testcase classname="qa.first.RESTAPITest" name="postJira" time="0.001"/>
  <system-out/>
  <testcase classname="qa.first.RESTAPITest" name="deleteTwitter" time="0.006"/>
  <system-out/>
</testsuite> <!-- qa.first.RESTAPITest -->
