<?xml version="1.0" encoding="UTF-8"?>
<!-- Generated by org.testng.reporters.JUnitReportReporter -->
<testsuite hostname="DIMENSION" failures="0" tests="1" name="qa.first.FileUpload" time="18.212" errors="0" timestamp="2022-03-29T08:47:57 IST" skipped="0">
  <testcase classname="qa.first.FileUpload" name="UploadFile" time="18.212"/>
  <system-out/>
</testsuite> <!-- qa.first.FileUpload -->
