<?xml version="1.0" encoding="UTF-8"?>
<!-- Generated by org.testng.reporters.JUnitReportReporter -->
<testsuite hostname="DIMENSION" failures="0" tests="1" name="Academy.validateNavigationBar" time="0.926" errors="0" timestamp="2022-04-11T22:43:27 IST" skipped="0">
  <testcase classname="Academy.validateNavigationBar" name="validateAppNavBar" time="0.926"/>
  <system-out/>
</testsuite> <!-- Academy.validateNavigationBar -->
