<?xml version="1.0" encoding="UTF-8"?>
<!-- Generated by org.testng.reporters.JUnitReportReporter -->
<testsuite hostname="DIMENSION" failures="0" tests="2" name="Academy.HomePage" time="48.647" errors="0" timestamp="2022-04-11T22:47:22 IST" skipped="0">
  <testcase classname="Academy.HomePage" name="basePageNavigation" time="20.200"/>
  <system-out/>
  <testcase classname="Academy.HomePage" name="basePageNavigation" time="28.447"/>
  <system-out/>
</testsuite> <!-- Academy.HomePage -->
