<?xml version="1.0" encoding="UTF-8"?>
<!-- Generated by org.testng.reporters.JUnitReportReporter -->
<testsuite hostname="DIMENSION" failures="0" tests="1" name="qa.first.App" time="0.008" errors="0" timestamp="2022-03-25T11:42:32 IST" skipped="0">
  <testcase classname="qa.first.App" name="appium" time="0.008"/>
  <system-out/>
</testsuite> <!-- qa.first.App -->
