<?xml version="1.0" encoding="UTF-8"?>
<!-- Generated by org.testng.reporters.JUnitReportReporter -->
<testsuite hostname="DIMENSION" failures="0" tests="2" name="Academy.HomePage" time="48.440" errors="0" timestamp="11 Apr 2022 17:25:15 GMT" skipped="0">
  <testcase classname="Academy.HomePage" name="basePageNavigation" time="27.612"/>
  <testcase classname="Academy.HomePage" name="basePageNavigation" time="20.828"/>
</testsuite> <!-- Academy.HomePage -->
