<?xml version="1.0" encoding="UTF-8"?>
<!-- Generated by org.testng.reporters.JUnitReportReporter -->
<testsuite hostname="DIMENSION" failures="0" tests="2" name="qaclickacademy.SeleniumTest" time="0.016" errors="0" timestamp="31 Mar 2022 02:51:42 GMT" skipped="0">
  <testcase classname="qaclickacademy.SeleniumTest" name="BrowserAUtomation" time="0.015"/>
  <testcase classname="qaclickacademy.SeleniumTest" name="elementsUi" time="0.001"/>
</testsuite> <!-- qaclickacademy.SeleniumTest -->
