<?xml version="1.0" encoding="UTF-8"?>
<!-- Generated by org.testng.reporters.JUnitReportReporter -->
<testsuite hostname="DIMENSION" failures="0" tests="1" name="Academy.validateNavigationBar" time="0.098" errors="0" timestamp="11 Apr 2022 17:25:15 GMT" skipped="0">
  <testcase classname="Academy.validateNavigationBar" name="validateAppNavBar" time="0.098"/>
</testsuite> <!-- Academy.validateNavigationBar -->
